=== Backup started at Sat Mar 14 02:01:59 EDT 2026 ===
Changes detected, committing...
[master 1dedb20] Daily backup: 2026-03-14-0201
 Committer: Ava <ava@Avas-Mac-mini.local>
Your name and email address were configured automatically based
on your username and hostname. Please check that they are accurate.
You can suppress this message by setting them explicitly. Run the
following command and follow the instructions in your editor to edit
your configuration file:

    git config --global --edit

After doing this, you may fix the identity used for this commit with:

    git commit --amend --reset-author

 5 files changed, 225 insertions(+)
 create mode 100644 memory/2026-03-13.md
 create mode 100644 memory/backup-2026-03-14.log
 create mode 100644 memory/discord-content-capture.error
 create mode 100644 memory/discord-content-capture.log
Pushing to remote...
fatal: could not read Username for 'https://github.com': Device not configured
Push failed (may need auth)
=== Backup completed at Sat Mar 14 02:02:07 EDT 2026 ===
=== Backup started at Sat Mar 14 13:36:28 EDT 2026 ===
Changes detected, committing...
