=== Backup started at Fri Mar 13 02:00:05 EDT 2026 ===
Changes detected, committing...
[master 93b8cc5] Daily backup:
 Committer: Ava <ava@Avas-Mac-mini.local>
Your name and email address were configured automatically based
on your username and hostname. Please check that they are accurate.
You can suppress this message by setting them explicitly. Run the
following command and follow the instructions in your editor to edit
your configuration file:

    git config --global --edit

After doing this, you may fix the identity used for this commit with:

    git commit --amend --reset-author

 4 files changed, 40 insertions(+)
 create mode 100644 memory/backup-2026-03-13.log
 create mode 100644 memory/daily-backup.error
 create mode 100644 memory/daily-backup.log
 create mode 100644 memory/daily-checks/2026-03-12.md
Pushing to remote...
fatal: could not read Username for 'https://github.com': Device not configured
Push failed (may need auth)
=== Backup completed at Fri Mar 13 02:00:06 EDT 2026 ===
=== Backup started at Fri Mar 13 07:43:04 EDT 2026 ===
Changes detected, committing...
[master 7b016a2] Daily backup:
 Committer: Ava <ava@Avas-Mac-mini.local>
Your name and email address were configured automatically based
on your username and hostname. Please check that they are accurate.
You can suppress this message by setting them explicitly. Run the
following command and follow the instructions in your editor to edit
your configuration file:

    git config --global --edit

After doing this, you may fix the identity used for this commit with:

    git commit --amend --reset-author

 2 files changed, 29 insertions(+)
Pushing to remote...
fatal: could not read Username for 'https://github.com': Device not configured
Push failed (may need auth)
=== Backup completed at Fri Mar 13 07:43:04 EDT 2026 ===
=== Backup started at Fri Mar 13 07:43:14 EDT 2026 ===
Changes detected, committing...
